2025-09-18 17:19:40,930 - INFO - 未找到配置文件，正在创建默认配置。
2025-09-18 17:19:41,004 - WARNING - 路径不完整，请配置所有文件和目录。
2025-09-18 17:19:42,543 - INFO - 程序正在关闭...
2025-09-18 17:19:42,547 - INFO - 配置已成功保存。
2025-09-18 17:42:42,713 - INFO - 配置从文件加载成功。
2025-09-18 17:42:42,739 - WARNING - 路径不完整，请配置所有文件和目录。
2025-09-18 17:43:14,864 - INFO - 已选择模型文件: D:/Github/InsightLabeler/model/train_2/weights/best.pt
2025-09-18 17:43:14,867 - WARNING - 路径不完整，请配置所有文件和目录。
2025-09-18 17:43:14,868 - INFO - 配置已成功保存。
2025-09-18 17:43:28,302 - INFO - 已选择输出目录: D:/Github/InsightLabeler/output
2025-09-18 17:43:28,306 - WARNING - 路径不完整，请配置所有文件和目录。
2025-09-18 17:43:28,309 - INFO - 配置已成功保存。
2025-09-18 17:43:49,317 - INFO - 已选择视频文件: D:/Github/InsightLabeler/videos/gzx_1.mp4
2025-09-18 17:43:49,319 - INFO - 所有路径已配置，可以加载。
2025-09-18 17:43:49,320 - INFO - 配置已成功保存。
2025-09-18 17:43:50,121 - INFO - 开始加载模型...
2025-09-18 17:43:50,906 - INFO - 模型和视频加载成功，准备处理。
2025-09-18 17:43:50,907 - INFO - 导航到下一帧，目标帧号: 0
2025-09-18 17:43:50,949 - INFO - 正在使用模型预测第 0 帧。
2025-09-18 17:43:57,288 - INFO - 第 0 帧预测完成，发现 1 个目标。
2025-09-18 17:43:57,453 - INFO - 未选中标注框，开始拖动画布。
2025-09-18 17:44:07,141 - INFO - 正在跳转到指定帧数: 5000
2025-09-18 17:44:07,144 - INFO - 配置已成功保存。
2025-09-18 17:44:07,147 - INFO - 保存图像文件: D:/Github/InsightLabeler/output\frame_0.jpg
2025-09-18 17:44:07,149 - INFO - 保存JSON标注文件: D:/Github/InsightLabeler/output\frame_0.json
2025-09-18 17:44:07,164 - INFO - 正在使用模型预测第 5000 帧。
2025-09-18 17:44:07,224 - INFO - 第 5000 帧预测完成，发现 4 个目标。
2025-09-18 17:44:11,966 - INFO - 导航到下一帧，目标帧号: 5005
2025-09-18 17:44:11,977 - INFO - 正在使用模型预测第 5005 帧。
2025-09-18 17:44:12,026 - INFO - 第 5005 帧预测完成，发现 5 个目标。
2025-09-18 17:44:12,191 - INFO - 导航到下一帧，目标帧号: 5010
2025-09-18 17:44:12,203 - INFO - 正在使用模型预测第 5010 帧。
2025-09-18 17:44:12,255 - INFO - 第 5010 帧预测完成，发现 3 个目标。
2025-09-18 17:44:12,380 - INFO - 导航到下一帧，目标帧号: 5015
2025-09-18 17:44:12,391 - INFO - 正在使用模型预测第 5015 帧。
2025-09-18 17:44:12,442 - INFO - 第 5015 帧预测完成，发现 4 个目标。
2025-09-18 17:44:12,542 - INFO - 导航到下一帧，目标帧号: 5020
2025-09-18 17:44:12,562 - INFO - 正在使用模型预测第 5020 帧。
2025-09-18 17:44:12,678 - INFO - 第 5020 帧预测完成，发现 4 个目标。
2025-09-18 17:44:12,728 - INFO - 导航到下一帧，目标帧号: 5025
2025-09-18 17:44:12,758 - INFO - 正在使用模型预测第 5025 帧。
2025-09-18 17:44:13,311 - INFO - 第 5025 帧预测完成，发现 5 个目标。
2025-09-18 17:44:13,319 - INFO - 导航到下一帧，目标帧号: 5030
2025-09-18 17:44:13,400 - INFO - 正在使用模型预测第 5030 帧。
2025-09-18 17:44:13,676 - INFO - 第 5030 帧预测完成，发现 5 个目标。
2025-09-18 17:44:13,681 - INFO - 导航到下一帧，目标帧号: 5035
2025-09-18 17:44:13,693 - INFO - 正在使用模型预测第 5035 帧。
2025-09-18 17:44:13,760 - INFO - 第 5035 帧预测完成，发现 5 个目标。
2025-09-18 17:44:13,764 - INFO - 导航到下一帧，目标帧号: 5040
2025-09-18 17:44:13,775 - INFO - 正在使用模型预测第 5040 帧。
2025-09-18 17:44:13,841 - INFO - 第 5040 帧预测完成，发现 5 个目标。
2025-09-18 17:44:13,850 - INFO - 导航到下一帧，目标帧号: 5045
2025-09-18 17:44:13,862 - INFO - 正在使用模型预测第 5045 帧。
2025-09-18 17:44:13,921 - INFO - 第 5045 帧预测完成，发现 6 个目标。
2025-09-18 17:44:13,929 - INFO - 导航到下一帧，目标帧号: 5050
2025-09-18 17:44:13,942 - INFO - 正在使用模型预测第 5050 帧。
2025-09-18 17:44:13,989 - INFO - 第 5050 帧预测完成，发现 5 个目标。
2025-09-18 17:44:13,997 - INFO - 导航到下一帧，目标帧号: 5055
2025-09-18 17:44:14,012 - INFO - 正在使用模型预测第 5055 帧。
2025-09-18 17:44:14,079 - INFO - 第 5055 帧预测完成，发现 6 个目标。
2025-09-18 17:44:14,227 - INFO - 导航到下一帧，目标帧号: 5060
2025-09-18 17:44:14,243 - INFO - 正在使用模型预测第 5060 帧。
2025-09-18 17:44:14,302 - INFO - 第 5060 帧预测完成，发现 6 个目标。
2025-09-18 17:44:14,396 - INFO - 导航到下一帧，目标帧号: 5065
2025-09-18 17:44:14,413 - INFO - 正在使用模型预测第 5065 帧。
2025-09-18 17:44:14,453 - INFO - 第 5065 帧预测完成，发现 6 个目标。
2025-09-18 17:44:14,557 - INFO - 导航到下一帧，目标帧号: 5070
2025-09-18 17:44:14,573 - INFO - 正在使用模型预测第 5070 帧。
2025-09-18 17:44:14,619 - INFO - 第 5070 帧预测完成，发现 8 个目标。
2025-09-18 17:44:14,715 - INFO - 导航到下一帧，目标帧号: 5075
2025-09-18 17:44:14,730 - INFO - 正在使用模型预测第 5075 帧。
2025-09-18 17:44:14,773 - INFO - 第 5075 帧预测完成，发现 7 个目标。
2025-09-18 17:44:14,876 - INFO - 导航到下一帧，目标帧号: 5080
2025-09-18 17:44:14,893 - INFO - 正在使用模型预测第 5080 帧。
2025-09-18 17:44:14,948 - INFO - 第 5080 帧预测完成，发现 7 个目标。
2025-09-18 17:44:15,045 - INFO - 导航到下一帧，目标帧号: 5085
2025-09-18 17:44:15,065 - INFO - 正在使用模型预测第 5085 帧。
2025-09-18 17:44:15,116 - INFO - 第 5085 帧预测完成，发现 6 个目标。
2025-09-18 17:44:15,191 - INFO - 导航到下一帧，目标帧号: 5090
2025-09-18 17:44:15,211 - INFO - 正在使用模型预测第 5090 帧。
2025-09-18 17:44:15,262 - INFO - 第 5090 帧预测完成，发现 5 个目标。
2025-09-18 17:44:15,360 - INFO - 导航到下一帧，目标帧号: 5095
2025-09-18 17:44:15,380 - INFO - 正在使用模型预测第 5095 帧。
2025-09-18 17:44:15,429 - INFO - 第 5095 帧预测完成，发现 5 个目标。
2025-09-18 17:44:15,519 - INFO - 导航到下一帧，目标帧号: 5100
2025-09-18 17:44:15,546 - INFO - 正在使用模型预测第 5100 帧。
2025-09-18 17:44:15,614 - INFO - 第 5100 帧预测完成，发现 4 个目标。
2025-09-18 17:44:15,712 - INFO - 导航到下一帧，目标帧号: 5105
2025-09-18 17:44:15,737 - INFO - 正在使用模型预测第 5105 帧。
2025-09-18 17:44:15,797 - INFO - 第 5105 帧预测完成，发现 5 个目标。
2025-09-18 17:44:15,891 - INFO - 导航到下一帧，目标帧号: 5110
2025-09-18 17:44:15,908 - INFO - 正在使用模型预测第 5110 帧。
2025-09-18 17:44:15,964 - INFO - 第 5110 帧预测完成，发现 6 个目标。
2025-09-18 17:44:16,070 - INFO - 导航到下一帧，目标帧号: 5115
2025-09-18 17:44:16,093 - INFO - 正在使用模型预测第 5115 帧。
2025-09-18 17:44:16,138 - INFO - 第 5115 帧预测完成，发现 7 个目标。
2025-09-18 17:44:16,259 - INFO - 导航到下一帧，目标帧号: 5120
2025-09-18 17:44:16,269 - INFO - 正在使用模型预测第 5120 帧。
2025-09-18 17:44:16,313 - INFO - 第 5120 帧预测完成，发现 6 个目标。
2025-09-18 17:44:16,423 - INFO - 导航到下一帧，目标帧号: 5125
2025-09-18 17:44:16,435 - INFO - 正在使用模型预测第 5125 帧。
2025-09-18 17:44:16,483 - INFO - 第 5125 帧预测完成，发现 7 个目标。
2025-09-18 17:44:16,628 - INFO - 导航到下一帧，目标帧号: 5130
2025-09-18 17:44:16,638 - INFO - 正在使用模型预测第 5130 帧。
2025-09-18 17:44:16,684 - INFO - 第 5130 帧预测完成，发现 8 个目标。
2025-09-18 17:44:16,835 - INFO - 导航到下一帧，目标帧号: 5135
2025-09-18 17:44:16,844 - INFO - 正在使用模型预测第 5135 帧。
2025-09-18 17:44:16,885 - INFO - 第 5135 帧预测完成，发现 7 个目标。
2025-09-18 17:44:17,020 - INFO - 导航到下一帧，目标帧号: 5140
2025-09-18 17:44:17,030 - INFO - 正在使用模型预测第 5140 帧。
2025-09-18 17:44:17,076 - INFO - 第 5140 帧预测完成，发现 5 个目标。
2025-09-18 17:44:17,193 - INFO - 导航到下一帧，目标帧号: 5145
2025-09-18 17:44:17,204 - INFO - 正在使用模型预测第 5145 帧。
2025-09-18 17:44:17,259 - INFO - 第 5145 帧预测完成，发现 5 个目标。
2025-09-18 17:44:17,399 - INFO - 导航到下一帧，目标帧号: 5150
2025-09-18 17:44:17,410 - INFO - 正在使用模型预测第 5150 帧。
2025-09-18 17:44:17,462 - INFO - 第 5150 帧预测完成，发现 4 个目标。
2025-09-18 17:44:17,590 - INFO - 导航到下一帧，目标帧号: 5155
2025-09-18 17:44:17,601 - INFO - 正在使用模型预测第 5155 帧。
2025-09-18 17:44:17,646 - INFO - 第 5155 帧预测完成，发现 4 个目标。
2025-09-18 17:44:17,870 - INFO - 导航到下一帧，目标帧号: 5160
2025-09-18 17:44:17,881 - INFO - 正在使用模型预测第 5160 帧。
2025-09-18 17:44:17,938 - INFO - 第 5160 帧预测完成，发现 4 个目标。
2025-09-18 17:44:18,157 - INFO - 导航到下一帧，目标帧号: 5165
2025-09-18 17:44:18,170 - INFO - 正在使用模型预测第 5165 帧。
2025-09-18 17:44:18,223 - INFO - 第 5165 帧预测完成，发现 5 个目标。
2025-09-18 17:44:18,545 - INFO - 导航到下一帧，目标帧号: 5170
2025-09-18 17:44:18,557 - INFO - 正在使用模型预测第 5170 帧。
2025-09-18 17:44:18,601 - INFO - 第 5170 帧预测完成，发现 4 个目标。
2025-09-18 17:44:19,062 - INFO - 导航到下一帧，目标帧号: 5175
2025-09-18 17:44:19,075 - INFO - 正在使用模型预测第 5175 帧。
2025-09-18 17:44:19,124 - INFO - 第 5175 帧预测完成，发现 4 个目标。
2025-09-18 17:44:19,688 - INFO - 导航到下一帧，目标帧号: 5180
2025-09-18 17:44:19,703 - INFO - 正在使用模型预测第 5180 帧。
2025-09-18 17:44:19,753 - INFO - 第 5180 帧预测完成，发现 4 个目标。
2025-09-18 17:44:20,155 - INFO - 导航到下一帧，目标帧号: 5185
2025-09-18 17:44:20,171 - INFO - 正在使用模型预测第 5185 帧。
2025-09-18 17:44:20,219 - INFO - 第 5185 帧预测完成，发现 6 个目标。
2025-09-18 17:44:20,831 - INFO - 导航到下一帧，目标帧号: 5190
2025-09-18 17:44:20,846 - INFO - 正在使用模型预测第 5190 帧。
2025-09-18 17:44:20,893 - INFO - 第 5190 帧预测完成，发现 5 个目标。
2025-09-18 17:44:21,737 - INFO - 导航到下一帧，目标帧号: 5195
2025-09-18 17:44:21,750 - INFO - 正在使用模型预测第 5195 帧。
2025-09-18 17:44:21,797 - INFO - 第 5195 帧预测完成，发现 4 个目标。
2025-09-18 17:44:22,243 - INFO - 导航到下一帧，目标帧号: 5200
2025-09-18 17:44:22,260 - INFO - 正在使用模型预测第 5200 帧。
2025-09-18 17:44:22,316 - INFO - 第 5200 帧预测完成，发现 5 个目标。
2025-09-18 17:44:22,746 - INFO - 导航到下一帧，目标帧号: 5205
2025-09-18 17:44:22,762 - INFO - 正在使用模型预测第 5205 帧。
2025-09-18 17:44:22,813 - INFO - 第 5205 帧预测完成，发现 6 个目标。
2025-09-18 17:44:23,330 - INFO - 导航到下一帧，目标帧号: 5210
2025-09-18 17:44:23,348 - INFO - 正在使用模型预测第 5210 帧。
2025-09-18 17:44:23,397 - INFO - 第 5210 帧预测完成，发现 5 个目标。
2025-09-18 17:44:23,795 - INFO - 导航到下一帧，目标帧号: 5215
2025-09-18 17:44:23,815 - INFO - 正在使用模型预测第 5215 帧。
2025-09-18 17:44:23,865 - INFO - 第 5215 帧预测完成，发现 5 个目标。
2025-09-18 17:44:59,674 - INFO - 未选中标注框，开始拖动画布。
2025-09-18 17:45:03,574 - INFO - 程序正在关闭...
2025-09-18 17:45:03,576 - INFO - 配置已成功保存。
